<?xml version="1.0" encoding="UTF-8"?>
<coverage generated="1758045497649" clover="3.2.0">
  <project timestamp="1758045497649" name="All files">
    <metrics statements="38" coveredstatements="32" conditionals="25" coveredconditionals="15" methods="10" coveredmethods="9" elements="73" coveredelements="56" complexity="0" loc="38" ncloc="38" packages="1" files="1" classes="1"/>
    <file name="index.js" path="/Users/upendra/workspace/sample-github-repo/src/index.js">
      <metrics statements="38" coveredstatements="32" conditionals="25" coveredconditionals="15" methods="10" coveredmethods="9"/>
      <line num="1" count="2" type="stmt"/>
      <line num="2" count="2" type="stmt"/>
      <line num="3" count="2" type="stmt"/>
      <line num="5" count="2" type="stmt"/>
      <line num="6" count="2" type="cond" truecount="2" falsecount="0"/>
      <line num="9" count="2" type="stmt"/>
      <line num="10" count="2" type="stmt"/>
      <line num="13" count="2" type="stmt"/>
      <line num="14" count="3" type="stmt"/>
      <line num="30" count="3" type="stmt"/>
      <line num="34" count="2" type="stmt"/>
      <line num="35" count="3" type="stmt"/>
      <line num="41" count="9" type="cond" truecount="1" falsecount="1"/>
      <line num="43" count="3" type="cond" truecount="1" falsecount="1"/>
      <line num="53" count="2" type="stmt"/>
      <line num="54" count="1" type="stmt"/>
      <line num="61" count="2" type="stmt"/>
      <line num="62" count="1" type="stmt"/>
      <line num="70" count="1" type="stmt"/>
      <line num="74" count="2" type="stmt"/>
      <line num="75" count="2" type="stmt"/>
      <line num="77" count="2" type="cond" truecount="2" falsecount="0"/>
      <line num="78" count="1" type="stmt"/>
      <line num="82" count="1" type="stmt"/>
      <line num="83" count="1" type="stmt"/>
      <line num="92" count="2" type="stmt"/>
      <line num="94" count="1" type="cond" truecount="4" falsecount="1"/>
      <line num="95" count="1" type="stmt"/>
      <line num="101" count="0" type="stmt"/>
      <line num="102" count="0" type="stmt"/>
      <line num="109" count="2" type="stmt"/>
      <line num="110" count="1" type="stmt"/>
      <line num="117" count="2" type="cond" truecount="1" falsecount="1"/>
      <line num="118" count="0" type="stmt"/>
      <line num="119" count="0" type="stmt"/>
      <line num="120" count="0" type="stmt"/>
      <line num="121" count="0" type="stmt"/>
      <line num="125" count="2" type="stmt"/>
    </file>
  </project>
</coverage>
