{"/Users/upendra/workspace/sample-github-repo/src/index.js": {"path":"/Users/upendra/workspace/sample-github-repo/src/index.js","statementMap":{"0":{"start":{"line":1,"column":16},"end":{"line":1,"column":34}},"1":{"start":{"line":2,"column":13},"end":{"line":2,"column":28}},"2":{"start":{"line":3,"column":0},"end":{"line":3,"column":27}},"3":{"start":{"line":5,"column":12},"end":{"line":5,"column":21}},"4":{"start":{"line":6,"column":13},"end":{"line":6,"column":37}},"5":{"start":{"line":9,"column":0},"end":{"line":9,"column":16}},"6":{"start":{"line":10,"column":0},"end":{"line":10,"column":41}},"7":{"start":{"line":13,"column":0},"end":{"line":31,"column":3}},"8":{"start":{"line":14,"column":23},"end":{"line":28,"column":3}},"9":{"start":{"line":30,"column":2},"end":{"line":30,"column":37}},"10":{"start":{"line":34,"column":0},"end":{"line":50,"column":3}},"11":{"start":{"line":35,"column":23},"end":{"line":39,"column":3}},"12":{"start":{"line":41,"column":18},"end":{"line":41,"column":109}},"13":{"start":{"line":41,"column":59},"end":{"line":41,"column":83}},"14":{"start":{"line":43,"column":2},"end":{"line":49,"column":5}},"15":{"start":{"line":53,"column":0},"end":{"line":59,"column":3}},"16":{"start":{"line":54,"column":2},"end":{"line":58,"column":5}},"17":{"start":{"line":61,"column":0},"end":{"line":71,"column":3}},"18":{"start":{"line":62,"column":18},"end":{"line":68,"column":3}},"19":{"start":{"line":70,"column":2},"end":{"line":70,"column":20}},"20":{"start":{"line":74,"column":0},"end":{"line":89,"column":3}},"21":{"start":{"line":75,"column":19},"end":{"line":75,"column":27}},"22":{"start":{"line":77,"column":2},"end":{"line":79,"column":3}},"23":{"start":{"line":78,"column":4},"end":{"line":78,"column":63}},"24":{"start":{"line":82,"column":2},"end":{"line":88,"column":27}},"25":{"start":{"line":83,"column":4},"end":{"line":87,"column":7}},"26":{"start":{"line":92,"column":0},"end":{"line":106,"column":3}},"27":{"start":{"line":94,"column":2},"end":{"line":99,"column":3}},"28":{"start":{"line":95,"column":4},"end":{"line":98,"column":7}},"29":{"start":{"line":101,"column":2},"end":{"line":101,"column":27}},"30":{"start":{"line":102,"column":2},"end":{"line":105,"column":5}},"31":{"start":{"line":109,"column":0},"end":{"line":114,"column":3}},"32":{"start":{"line":110,"column":2},"end":{"line":113,"column":5}},"33":{"start":{"line":117,"column":0},"end":{"line":123,"column":1}},"34":{"start":{"line":118,"column":2},"end":{"line":122,"column":5}},"35":{"start":{"line":119,"column":4},"end":{"line":119,"column":66}},"36":{"start":{"line":120,"column":4},"end":{"line":120,"column":68}},"37":{"start":{"line":121,"column":4},"end":{"line":121,"column":68}},"38":{"start":{"line":125,"column":0},"end":{"line":125,"column":21}}},"fnMap":{"0":{"name":"(anonymous_0)","decl":{"start":{"line":13,"column":19},"end":{"line":13,"column":20}},"loc":{"start":{"line":13,"column":33},"end":{"line":31,"column":1}},"line":13},"1":{"name":"(anonymous_1)","decl":{"start":{"line":34,"column":28},"end":{"line":34,"column":29}},"loc":{"start":{"line":34,"column":42},"end":{"line":50,"column":1}},"line":34},"2":{"name":"(anonymous_2)","decl":{"start":{"line":41,"column":52},"end":{"line":41,"column":53}},"loc":{"start":{"line":41,"column":59},"end":{"line":41,"column":83}},"line":41},"3":{"name":"(anonymous_3)","decl":{"start":{"line":53,"column":23},"end":{"line":53,"column":24}},"loc":{"start":{"line":53,"column":37},"end":{"line":59,"column":1}},"line":53},"4":{"name":"(anonymous_4)","decl":{"start":{"line":61,"column":24},"end":{"line":61,"column":25}},"loc":{"start":{"line":61,"column":38},"end":{"line":71,"column":1}},"line":61},"5":{"name":"(anonymous_5)","decl":{"start":{"line":74,"column":25},"end":{"line":74,"column":26}},"loc":{"start":{"line":74,"column":39},"end":{"line":89,"column":1}},"line":74},"6":{"name":"(anonymous_6)","decl":{"start":{"line":82,"column":13},"end":{"line":82,"column":14}},"loc":{"start":{"line":82,"column":19},"end":{"line":88,"column":3}},"line":82},"7":{"name":"(anonymous_7)","decl":{"start":{"line":92,"column":8},"end":{"line":92,"column":9}},"loc":{"start":{"line":92,"column":34},"end":{"line":106,"column":1}},"line":92},"8":{"name":"(anonymous_8)","decl":{"start":{"line":109,"column":13},"end":{"line":109,"column":14}},"loc":{"start":{"line":109,"column":27},"end":{"line":114,"column":1}},"line":109},"9":{"name":"(anonymous_9)","decl":{"start":{"line":118,"column":19},"end":{"line":118,"column":20}},"loc":{"start":{"line":118,"column":25},"end":{"line":122,"column":3}},"line":118}},"branchMap":{"0":{"loc":{"start":{"line":6,"column":13},"end":{"line":6,"column":37}},"type":"binary-expr","locations":[{"start":{"line":6,"column":13},"end":{"line":6,"column":29}},{"start":{"line":6,"column":33},"end":{"line":6,"column":37}}],"line":6},"1":{"loc":{"start":{"line":17,"column":13},"end":{"line":17,"column":55}},"type":"binary-expr","locations":[{"start":{"line":17,"column":13},"end":{"line":17,"column":44}},{"start":{"line":17,"column":48},"end":{"line":17,"column":55}}],"line":17},"2":{"loc":{"start":{"line":24,"column":17},"end":{"line":24,"column":54}},"type":"binary-expr","locations":[{"start":{"line":24,"column":17},"end":{"line":24,"column":37}},{"start":{"line":24,"column":41},"end":{"line":24,"column":54}}],"line":24},"3":{"loc":{"start":{"line":41,"column":18},"end":{"line":41,"column":109}},"type":"cond-expr","locations":[{"start":{"line":41,"column":87},"end":{"line":41,"column":96}},{"start":{"line":41,"column":99},"end":{"line":41,"column":109}}],"line":41},"4":{"loc":{"start":{"line":43,"column":13},"end":{"line":43,"column":46}},"type":"cond-expr","locations":[{"start":{"line":43,"column":37},"end":{"line":43,"column":40}},{"start":{"line":43,"column":43},"end":{"line":43,"column":46}}],"line":43},"5":{"loc":{"start":{"line":48,"column":13},"end":{"line":48,"column":55}},"type":"binary-expr","locations":[{"start":{"line":48,"column":13},"end":{"line":48,"column":44}},{"start":{"line":48,"column":48},"end":{"line":48,"column":55}}],"line":48},"6":{"loc":{"start":{"line":56,"column":17},"end":{"line":56,"column":54}},"type":"binary-expr","locations":[{"start":{"line":56,"column":17},"end":{"line":56,"column":37}},{"start":{"line":56,"column":41},"end":{"line":56,"column":54}}],"line":56},"7":{"loc":{"start":{"line":77,"column":2},"end":{"line":79,"column":3}},"type":"if","locations":[{"start":{"line":77,"column":2},"end":{"line":79,"column":3}},{"start":{},"end":{}}],"line":77},"8":{"loc":{"start":{"line":94,"column":2},"end":{"line":99,"column":3}},"type":"if","locations":[{"start":{"line":94,"column":2},"end":{"line":99,"column":3}},{"start":{},"end":{}}],"line":94},"9":{"loc":{"start":{"line":94,"column":6},"end":{"line":94,"column":71}},"type":"binary-expr","locations":[{"start":{"line":94,"column":6},"end":{"line":94,"column":32}},{"start":{"line":94,"column":36},"end":{"line":94,"column":54}},{"start":{"line":94,"column":58},"end":{"line":94,"column":71}}],"line":94},"10":{"loc":{"start":{"line":104,"column":13},"end":{"line":104,"column":91}},"type":"cond-expr","locations":[{"start":{"line":104,"column":54},"end":{"line":104,"column":65}},{"start":{"line":104,"column":68},"end":{"line":104,"column":91}}],"line":104},"11":{"loc":{"start":{"line":117,"column":0},"end":{"line":123,"column":1}},"type":"if","locations":[{"start":{"line":117,"column":0},"end":{"line":123,"column":1}},{"start":{},"end":{}}],"line":117}},"s":{"0":2,"1":2,"2":2,"3":2,"4":2,"5":2,"6":2,"7":2,"8":3,"9":3,"10":2,"11":3,"12":3,"13":9,"14":3,"15":2,"16":1,"17":2,"18":1,"19":1,"20":2,"21":2,"22":2,"23":1,"24":1,"25":1,"26":2,"27":1,"28":1,"29":0,"30":0,"31":2,"32":1,"33":2,"34":0,"35":0,"36":0,"37":0,"38":2},"f":{"0":3,"1":3,"2":9,"3":1,"4":1,"5":2,"6":1,"7":1,"8":1,"9":0},"b":{"0":[2,2],"1":[3,0],"2":[3,0],"3":[3,0],"4":[3,0],"5":[3,0],"6":[1,0],"7":[1,1],"8":[1,0],"9":[1,1,1],"10":[0,0],"11":[0,2]},"_coverageSchema":"1a1c01bbd47fc00a2c39e90264f33305004495a9","hash":"a5b9af555ddaa998b644a3d50097489b01c35cab"}
}
