TN:
SF:src/index.js
FN:13,(anonymous_0)
FN:34,(anonymous_1)
FN:41,(anonymous_2)
FN:53,(anonymous_3)
FN:61,(anonymous_4)
FN:74,(anonymous_5)
FN:82,(anonymous_6)
FN:92,(anonymous_7)
FN:109,(anonymous_8)
FN:118,(anonymous_9)
FNF:10
FNH:9
FNDA:3,(anonymous_0)
FNDA:3,(anonymous_1)
FNDA:9,(anonymous_2)
FNDA:1,(anonymous_3)
FNDA:1,(anonymous_4)
FNDA:2,(anonymous_5)
FNDA:1,(anonymous_6)
FNDA:1,(anonymous_7)
FNDA:1,(anonymous_8)
FNDA:0,(anonymous_9)
DA:1,2
DA:2,2
DA:3,2
DA:5,2
DA:6,2
DA:9,2
DA:10,2
DA:13,2
DA:14,3
DA:30,3
DA:34,2
DA:35,3
DA:41,9
DA:43,3
DA:53,2
DA:54,1
DA:61,2
DA:62,1
DA:70,1
DA:74,2
DA:75,2
DA:77,2
DA:78,1
DA:82,1
DA:83,1
DA:92,2
DA:94,1
DA:95,1
DA:101,0
DA:102,0
DA:109,2
DA:110,1
DA:117,2
DA:118,0
DA:119,0
DA:120,0
DA:121,0
DA:125,2
LF:38
LH:32
BRDA:6,0,0,2
BRDA:6,0,1,2
BRDA:17,1,0,3
BRDA:17,1,1,0
BRDA:24,2,0,3
BRDA:24,2,1,0
BRDA:41,3,0,3
BRDA:41,3,1,0
BRDA:43,4,0,3
BRDA:43,4,1,0
BRDA:48,5,0,3
BRDA:48,5,1,0
BRDA:56,6,0,1
BRDA:56,6,1,0
BRDA:77,7,0,1
BRDA:77,7,1,1
BRDA:94,8,0,1
BRDA:94,8,1,0
BRDA:94,9,0,1
BRDA:94,9,1,1
BRDA:94,9,2,1
BRDA:104,10,0,0
BRDA:104,10,1,0
BRDA:117,11,0,0
BRDA:117,11,1,2
BRF:25
BRH:15
end_of_record
